Arguments: 
  C:\Program Files\nodejs\node.exe C:\Users\srdan\AppData\Roaming\npm\node_modules\yarn\bin\yarn.js link

PATH: 
  C:\Users\srdan\bin;C:\Program Files\Git\mingw64\bin;C:\Program Files\Git\usr\local\bin;C:\Program Files\Git\usr\bin;C:\Program Files\Git\usr\bin;C:\Program Files\Git\mingw64\bin;C:\Program Files\Git\usr\bin;C:\Users\srdan\bin;C:\Windows\system32;C:\Windows;C:\Windows\System32\Wbem;C:\Windows\System32\WindowsPowerShell\v1.0;C:\Windows\System32\OpenSSH;C:\Program Files\NVIDIA Corporation\NVIDIA NvDLISR;C:\Program Files\dotnet;C:\Program Files\Microsoft SQL Server\130\Tools\Binn;C:\Program Files\Microsoft SQL Server\Client SDK\ODBC\170\Tools\Binn;C:\Program Files\nodejs;C:\Program Files\Git\cmd;C:\Program Files (x86)\Microsoft SQL Server\150\DTS\Binn;C:\Program Files\Azure Data Studio\bin;C:\Program Files (x86)\Microsoft SQL Server\150\Tools\Binn;C:\Program Files\Microsoft SQL Server\150\Tools\Binn;C:\Program Files\Microsoft SQL Server\150\DTS\Binn;%pg_home%;C:\Program Files\PuTTY;C:\WINDOWS\system32;C:\WINDOWS;C:\WINDOWS\System32\Wbem;C:\WINDOWS\System32\WindowsPowerShell\v1.0;C:\WINDOWS\System32\OpenSSH;C:\Users\srdan\AppData\Local\Microsoft\WindowsApps;C:\Users\srdan\.dotnet\tools;C:\Users\srdan\AppData\Local\Programs\Microsoft VS Code\bin;C:\Users\srdan\AppData\Roaming\npm;C:\Program Files\Azure Data Studio\bin;C:\Users\srdan\AppData\Local\Programs\Fiddler;%USERPROFILE%\AppData\Local\Microsoft\WindowsApps;C:\Program Files\Git\usr\bin\vendor_perl;C:\Program Files\Git\usr\bin\core_perl

Yarn version: 
  1.22.19

Node version: 
  16.15.1

Platform: 
  win32 x64

Trace: 
  Error: ENOENT: no such file or directory, stat 'C:\Users\srdan\AppData\Local\Yarn\Data\link\ui5c\bin\ui5'

npm manifest: 
  {
    "name": "ui5c",
    "version": "0.0.1",
    "description": "ui5c CLI",
    "private": true,
    "bin": {
      "ui5c": "bin/ui5"
    },
    "scripts": {
      "format": "prettier --write **/*.{js,json} && standard --fix",
      "lint": "standard",
      "test": "jest",
      "watch": "jest --watch",
      "snapupdate": "jest --updateSnapshot",
      "coverage": "jest --coverage"
    },
    "files": [
      "src",
      "LICENSE",
      "readme.md",
      "docs",
      "bin"
    ],
    "license": "MIT",
    "dependencies": {
      "corepack": "^0.17.1",
      "gluegun": "^2.1.0"
    },
    "devDependencies": {
      "jest": "^23.6.0",
      "prettier": "^1.12.1",
      "standard": "^12.0.1"
    },
    "jest": {
      "testEnvironment": "node"
    },
    "standard": {
      "env": [
        "jest"
      ]
    },
    "prettier": {
      "semi": false,
      "singleQuote": true
    }
  }

yarn manifest: 
  No manifest

Lockfile: 
  No lockfile
